DEBUG - 2020-01-03 14:34:59 --> UTF-8 Support Enabled
DEBUG - 2020-01-03 14:34:59 --> No URI present. Default controller set.
DEBUG - 2020-01-03 14:34:59 --> Global POST, GET and COOKIE data sanitized
DEBUG - 2020-01-03 14:35:00 --> Total execution time: 0.2522
DEBUG - 2020-01-03 14:35:31 --> UTF-8 Support Enabled
DEBUG - 2020-01-03 14:35:31 --> Global POST, GET and COOKIE data sanitized
ERROR - 2020-01-03 14:35:31 --> Severity: error --> Exception: syntax error, unexpected ''database'' (T_CONSTANT_ENCAPSED_STRING), expecting ')' D:\GitHub\weapp\server\application\config\database.php 81
DEBUG - 2020-01-03 14:36:37 --> UTF-8 Support Enabled
DEBUG - 2020-01-03 14:36:37 --> Global POST, GET and COOKIE data sanitized
ERROR - 2020-01-03 14:36:37 --> Severity: error --> Exception: syntax error, unexpected ''database'' (T_CONSTANT_ENCAPSED_STRING), expecting ')' D:\GitHub\weapp\server\application\config\database.php 81
DEBUG - 2020-01-03 14:36:38 --> UTF-8 Support Enabled
DEBUG - 2020-01-03 14:36:38 --> Global POST, GET and COOKIE data sanitized
ERROR - 2020-01-03 14:36:38 --> Severity: error --> Exception: syntax error, unexpected ''database'' (T_CONSTANT_ENCAPSED_STRING), expecting ')' D:\GitHub\weapp\server\application\config\database.php 81
DEBUG - 2020-01-03 14:36:56 --> UTF-8 Support Enabled
DEBUG - 2020-01-03 14:36:56 --> Global POST, GET and COOKIE data sanitized
ERROR - 2020-01-03 14:36:56 --> Severity: error --> Exception: syntax error, unexpected ''database'' (T_CONSTANT_ENCAPSED_STRING), expecting ')' D:\GitHub\weapp\server\application\config\database.php 81
DEBUG - 2020-01-03 14:36:57 --> UTF-8 Support Enabled
DEBUG - 2020-01-03 14:36:57 --> Global POST, GET and COOKIE data sanitized
ERROR - 2020-01-03 14:36:57 --> Severity: error --> Exception: syntax error, unexpected ''database'' (T_CONSTANT_ENCAPSED_STRING), expecting ')' D:\GitHub\weapp\server\application\config\database.php 81
DEBUG - 2020-01-03 14:36:57 --> UTF-8 Support Enabled
DEBUG - 2020-01-03 14:36:57 --> Global POST, GET and COOKIE data sanitized
ERROR - 2020-01-03 14:36:57 --> Severity: error --> Exception: syntax error, unexpected ''database'' (T_CONSTANT_ENCAPSED_STRING), expecting ')' D:\GitHub\weapp\server\application\config\database.php 81
DEBUG - 2020-01-03 14:36:57 --> UTF-8 Support Enabled
DEBUG - 2020-01-03 14:36:57 --> Global POST, GET and COOKIE data sanitized
ERROR - 2020-01-03 14:36:57 --> Severity: error --> Exception: syntax error, unexpected ''database'' (T_CONSTANT_ENCAPSED_STRING), expecting ')' D:\GitHub\weapp\server\application\config\database.php 81
DEBUG - 2020-01-03 14:36:57 --> UTF-8 Support Enabled
DEBUG - 2020-01-03 14:36:57 --> Global POST, GET and COOKIE data sanitized
ERROR - 2020-01-03 14:36:57 --> Severity: error --> Exception: syntax error, unexpected ''database'' (T_CONSTANT_ENCAPSED_STRING), expecting ')' D:\GitHub\weapp\server\application\config\database.php 81
DEBUG - 2020-01-03 14:38:31 --> UTF-8 Support Enabled
DEBUG - 2020-01-03 14:38:31 --> No URI present. Default controller set.
DEBUG - 2020-01-03 14:38:31 --> Global POST, GET and COOKIE data sanitized
DEBUG - 2020-01-03 14:38:31 --> Total execution time: 0.0216
DEBUG - 2020-01-03 14:38:46 --> UTF-8 Support Enabled
DEBUG - 2020-01-03 14:38:46 --> Global POST, GET and COOKIE data sanitized
ERROR - 2020-01-03 14:38:46 --> Severity: error --> Exception: syntax error, unexpected ''database'' (T_CONSTANT_ENCAPSED_STRING), expecting ')' D:\GitHub\weapp\server\application\config\database.php 81
DEBUG - 2020-01-03 14:41:10 --> UTF-8 Support Enabled
DEBUG - 2020-01-03 14:41:10 --> No URI present. Default controller set.
DEBUG - 2020-01-03 14:41:10 --> Global POST, GET and COOKIE data sanitized
DEBUG - 2020-01-03 14:41:10 --> Total execution time: 0.0234
DEBUG - 2020-01-03 14:41:22 --> UTF-8 Support Enabled
DEBUG - 2020-01-03 14:41:22 --> Global POST, GET and COOKIE data sanitized
ERROR - 2020-01-03 14:41:22 --> Severity: error --> Exception: syntax error, unexpected ''database'' (T_CONSTANT_ENCAPSED_STRING), expecting ')' D:\GitHub\weapp\server\application\config\database.php 81
DEBUG - 2020-01-03 14:42:00 --> UTF-8 Support Enabled
DEBUG - 2020-01-03 14:42:00 --> Global POST, GET and COOKIE data sanitized
ERROR - 2020-01-03 14:42:00 --> Severity: error --> Exception: syntax error, unexpected ''database'' (T_CONSTANT_ENCAPSED_STRING), expecting ')' D:\GitHub\weapp\server\application\config\database.php 81
DEBUG - 2020-01-03 14:42:02 --> UTF-8 Support Enabled
DEBUG - 2020-01-03 14:42:02 --> No URI present. Default controller set.
DEBUG - 2020-01-03 14:42:02 --> Global POST, GET and COOKIE data sanitized
DEBUG - 2020-01-03 14:42:02 --> Total execution time: 0.0237
DEBUG - 2020-01-03 14:42:12 --> UTF-8 Support Enabled
DEBUG - 2020-01-03 14:42:12 --> Global POST, GET and COOKIE data sanitized
ERROR - 2020-01-03 14:42:12 --> Severity: error --> Exception: syntax error, unexpected ''database'' (T_CONSTANT_ENCAPSED_STRING), expecting ')' D:\GitHub\weapp\server\application\config\database.php 81
DEBUG - 2020-01-03 14:45:11 --> UTF-8 Support Enabled
DEBUG - 2020-01-03 14:45:11 --> No URI present. Default controller set.
DEBUG - 2020-01-03 14:45:11 --> Global POST, GET and COOKIE data sanitized
DEBUG - 2020-01-03 14:45:11 --> Total execution time: 0.0393
DEBUG - 2020-01-03 14:46:21 --> UTF-8 Support Enabled
DEBUG - 2020-01-03 14:46:21 --> Global POST, GET and COOKIE data sanitized
ERROR - 2020-01-03 14:46:21 --> Severity: error --> Exception: syntax error, unexpected ''database'' (T_CONSTANT_ENCAPSED_STRING), expecting ')' D:\GitHub\weapp\server\application\config\database.php 81
DEBUG - 2020-01-03 14:48:00 --> UTF-8 Support Enabled
DEBUG - 2020-01-03 14:48:00 --> Global POST, GET and COOKIE data sanitized
ERROR - 2020-01-03 14:48:00 --> Severity: error --> Exception: syntax error, unexpected ''database'' (T_CONSTANT_ENCAPSED_STRING), expecting ')' D:\GitHub\weapp\server\application\config\database.php 81
DEBUG - 2020-01-03 14:48:01 --> UTF-8 Support Enabled
DEBUG - 2020-01-03 14:48:01 --> Global POST, GET and COOKIE data sanitized
ERROR - 2020-01-03 14:48:01 --> Severity: error --> Exception: syntax error, unexpected ''database'' (T_CONSTANT_ENCAPSED_STRING), expecting ')' D:\GitHub\weapp\server\application\config\database.php 81
DEBUG - 2020-01-03 14:48:04 --> UTF-8 Support Enabled
DEBUG - 2020-01-03 14:48:04 --> No URI present. Default controller set.
DEBUG - 2020-01-03 14:48:04 --> Global POST, GET and COOKIE data sanitized
DEBUG - 2020-01-03 14:48:04 --> Total execution time: 0.0244
DEBUG - 2020-01-03 14:48:08 --> UTF-8 Support Enabled
DEBUG - 2020-01-03 14:48:08 --> Global POST, GET and COOKIE data sanitized
ERROR - 2020-01-03 14:48:08 --> Severity: error --> Exception: syntax error, unexpected ''database'' (T_CONSTANT_ENCAPSED_STRING), expecting ')' D:\GitHub\weapp\server\application\config\database.php 81
DEBUG - 2020-01-03 14:50:25 --> UTF-8 Support Enabled
DEBUG - 2020-01-03 14:50:25 --> No URI present. Default controller set.
DEBUG - 2020-01-03 14:50:25 --> Global POST, GET and COOKIE data sanitized
DEBUG - 2020-01-03 14:50:25 --> Total execution time: 0.0153
DEBUG - 2020-01-03 14:50:27 --> UTF-8 Support Enabled
DEBUG - 2020-01-03 14:50:27 --> Global POST, GET and COOKIE data sanitized
ERROR - 2020-01-03 14:50:27 --> Severity: error --> Exception: syntax error, unexpected ''database'' (T_CONSTANT_ENCAPSED_STRING), expecting ')' D:\GitHub\weapp\server\application\config\database.php 81
DEBUG - 2020-01-03 14:50:28 --> UTF-8 Support Enabled
DEBUG - 2020-01-03 14:50:28 --> Global POST, GET and COOKIE data sanitized
ERROR - 2020-01-03 14:50:28 --> Severity: error --> Exception: syntax error, unexpected ''database'' (T_CONSTANT_ENCAPSED_STRING), expecting ')' D:\GitHub\weapp\server\application\config\database.php 81
DEBUG - 2020-01-03 14:53:29 --> UTF-8 Support Enabled
DEBUG - 2020-01-03 14:53:29 --> No URI present. Default controller set.
DEBUG - 2020-01-03 14:53:29 --> Global POST, GET and COOKIE data sanitized
DEBUG - 2020-01-03 14:53:29 --> Total execution time: 0.0167
DEBUG - 2020-01-03 14:53:55 --> UTF-8 Support Enabled
DEBUG - 2020-01-03 14:53:55 --> Global POST, GET and COOKIE data sanitized
ERROR - 2020-01-03 14:53:55 --> Severity: error --> Exception: syntax error, unexpected ''database'' (T_CONSTANT_ENCAPSED_STRING), expecting ')' D:\GitHub\weapp\server\application\config\database.php 81
DEBUG - 2020-01-03 15:51:36 --> UTF-8 Support Enabled
DEBUG - 2020-01-03 15:51:36 --> No URI present. Default controller set.
DEBUG - 2020-01-03 15:51:36 --> Global POST, GET and COOKIE data sanitized
DEBUG - 2020-01-03 15:51:36 --> Total execution time: 0.0262
DEBUG - 2020-01-03 15:54:02 --> UTF-8 Support Enabled
DEBUG - 2020-01-03 15:54:02 --> No URI present. Default controller set.
DEBUG - 2020-01-03 15:54:02 --> Global POST, GET and COOKIE data sanitized
DEBUG - 2020-01-03 15:54:02 --> Total execution time: 0.0165
DEBUG - 2020-01-03 15:54:10 --> UTF-8 Support Enabled
DEBUG - 2020-01-03 15:54:10 --> Global POST, GET and COOKIE data sanitized
ERROR - 2020-01-03 15:54:10 --> Severity: error --> Exception: syntax error, unexpected ''database'' (T_CONSTANT_ENCAPSED_STRING), expecting ')' D:\GitHub\weapp\server\application\config\database.php 81
DEBUG - 2020-01-03 15:57:41 --> UTF-8 Support Enabled
DEBUG - 2020-01-03 15:57:41 --> No URI present. Default controller set.
DEBUG - 2020-01-03 15:57:41 --> Global POST, GET and COOKIE data sanitized
DEBUG - 2020-01-03 15:57:41 --> Total execution time: 0.0218
DEBUG - 2020-01-03 16:00:33 --> UTF-8 Support Enabled
DEBUG - 2020-01-03 16:00:33 --> Global POST, GET and COOKIE data sanitized
DEBUG - 2020-01-03 16:00:34 --> Total execution time: 0.3072
DEBUG - 2020-01-03 17:17:21 --> UTF-8 Support Enabled
DEBUG - 2020-01-03 17:17:21 --> Global POST, GET and COOKIE data sanitized
DEBUG - 2020-01-03 17:17:21 --> Total execution time: 0.1130
DEBUG - 2020-01-03 17:29:31 --> UTF-8 Support Enabled
DEBUG - 2020-01-03 17:29:31 --> No URI present. Default controller set.
DEBUG - 2020-01-03 17:29:31 --> Global POST, GET and COOKIE data sanitized
DEBUG - 2020-01-03 17:29:31 --> Total execution time: 0.0244
DEBUG - 2020-01-03 17:30:52 --> UTF-8 Support Enabled
DEBUG - 2020-01-03 17:30:52 --> Global POST, GET and COOKIE data sanitized
ERROR - 2020-01-03 17:30:52 --> 404 Page Not Found: Indexphp/trade
DEBUG - 2020-01-03 17:31:09 --> UTF-8 Support Enabled
DEBUG - 2020-01-03 17:31:09 --> Global POST, GET and COOKIE data sanitized
DEBUG - 2020-01-03 17:31:09 --> Total execution time: 0.0264
DEBUG - 2020-01-03 17:35:23 --> UTF-8 Support Enabled
DEBUG - 2020-01-03 17:35:23 --> No URI present. Default controller set.
DEBUG - 2020-01-03 17:35:23 --> Global POST, GET and COOKIE data sanitized
DEBUG - 2020-01-03 17:35:23 --> Total execution time: 0.0251
DEBUG - 2020-01-03 17:35:49 --> UTF-8 Support Enabled
DEBUG - 2020-01-03 17:35:49 --> No URI present. Default controller set.
DEBUG - 2020-01-03 17:35:49 --> Global POST, GET and COOKIE data sanitized
DEBUG - 2020-01-03 17:35:49 --> Total execution time: 0.0288
DEBUG - 2020-01-03 17:35:55 --> UTF-8 Support Enabled
DEBUG - 2020-01-03 17:35:55 --> No URI present. Default controller set.
DEBUG - 2020-01-03 17:35:55 --> Global POST, GET and COOKIE data sanitized
DEBUG - 2020-01-03 17:35:55 --> Total execution time: 0.0276
DEBUG - 2020-01-03 17:36:26 --> UTF-8 Support Enabled
DEBUG - 2020-01-03 17:36:26 --> Global POST, GET and COOKIE data sanitized
DEBUG - 2020-01-03 17:36:26 --> Total execution time: 0.0279
DEBUG - 2020-01-03 17:37:23 --> UTF-8 Support Enabled
DEBUG - 2020-01-03 17:37:23 --> Global POST, GET and COOKIE data sanitized
ERROR - 2020-01-03 17:37:23 --> 404 Page Not Found: Indexphp/trade
DEBUG - 2020-01-03 17:37:49 --> UTF-8 Support Enabled
DEBUG - 2020-01-03 17:37:49 --> Global POST, GET and COOKIE data sanitized
DEBUG - 2020-01-03 17:37:49 --> Total execution time: 0.0346
DEBUG - 2020-01-03 17:40:44 --> UTF-8 Support Enabled
DEBUG - 2020-01-03 17:40:44 --> Global POST, GET and COOKIE data sanitized
DEBUG - 2020-01-03 17:40:44 --> Total execution time: 0.0335
DEBUG - 2020-01-03 17:43:56 --> UTF-8 Support Enabled
DEBUG - 2020-01-03 17:43:56 --> Global POST, GET and COOKIE data sanitized
DEBUG - 2020-01-03 17:43:56 --> Total execution time: 0.3106
